<?xml version="1.0" encoding="UTF-8"?>
<!-- Generated by org.testng.reporters.JUnitReportReporter -->
<testsuite hostname="vostro" failures="0" tests="2" name="TestCases.TestCases" time="55.326" errors="0" timestamp="2020-10-21T18:08:25 IST" skipped="0">
  <testcase classname="TestCases.TestCases" name="varifyLogin" time="20.656"/>
  <system-out/>
  <testcase classname="TestCases.TestCases" name="VarifyFBLogin" time="34.670"/>
  <system-out/>
</testsuite> <!-- TestCases.TestCases -->
